<?xml version="1.0" encoding="UTF-8"?>
<!-- Generated by org.testng.reporters.JUnitXMLReporter -->
<testsuite hostname="DESKTOP-97PDBKT" ignored="2" name="Default test" tests="1" failures="0" timestamp="06 Oct 2020 10:13:08 GMT" time="33.548" errors="0">
  <testcase name="TC3" time="10.77" classname="Pages.studentRegistrationFormTest"/>
  <testcase name="TC1" time="0.0" classname="Pages.studentRegistrationFormTest">
    <ignored/>
  </testcase> <!-- TC1 -->
  <testcase name="TC2" time="0.0" classname="Pages.studentRegistrationFormTest">
    <ignored/>
  </testcase> <!-- TC2 -->
</testsuite> <!-- Default test -->
