<?xml version="1.0" encoding="UTF-8"?>
<!-- Generated by org.testng.reporters.JUnitXMLReporter -->
<testsuite ignored="0" hostname="DESKTOP-97PDBKT" failures="0" tests="3" name="Command line test" time="64.028" errors="0" timestamp="30 Sep 2020 16:41:47 GMT">
  <testcase classname="Pages.studentRegistrationFormTest" name="TC1" time="9.727"/>
  <testcase classname="Pages.studentRegistrationFormTest" name="TC2" time="5.457"/>
  <testcase classname="Pages.studentRegistrationFormTest" name="TC3" time="0.615"/>
</testsuite> <!-- Command line test -->
