<?xml version="1.0" encoding="UTF-8"?>
<!-- Generated by org.testng.reporters.JUnitXMLReporter -->
<testsuite ignored="0" hostname="DESKTOP-97PDBKT" failures="0" tests="3" name="Command line test" time="49.094" errors="0" timestamp="03 Nov 2020 13:39:11 GMT">
  <testcase classname="Pages.studentRegistrationFormTest" name="TC1" time="8.306"/>
  <testcase classname="Pages.studentRegistrationFormTest" name="TC2" time="4.1"/>
  <testcase classname="Pages.studentRegistrationFormTest" name="TC3" time="3.463"/>
</testsuite> <!-- Command line test -->
