<?xml version="1.0" encoding="UTF-8"?>
<testng-results skipped="0" failed="0" ignored="0" total="2" passed="2">
  <reporter-output>
  </reporter-output>
  <suite name="Suite" duration-ms="42531" started-at="2020-09-30T15:08:51Z" finished-at="2020-09-30T15:09:34Z">
    <groups>
    </groups>
    <test name="ToolsQA" duration-ms="42531" started-at="2020-09-30T15:08:51Z" finished-at="2020-09-30T15:09:34Z">
      <class name="Pages.studentRegistrationFormTest">
        <test-method status="PASS" signature="preCond()[pri:0, instance:Pages.studentRegistrationFormTest@49e202ad]" name="preCond" is-config="true" duration-ms="21789" started-at="2020-09-30T15:08:51Z" finished-at="2020-09-30T15:09:13Z">
          <reporter-output>
          </reporter-output>
        </test-method> <!-- preCond -->
        <test-method status="PASS" signature="navigateToMainPage()[pri:0, instance:Pages.studentRegistrationFormTest@49e202ad]" name="navigateToMainPage" is-config="true" duration-ms="2802" started-at="2020-09-30T15:09:13Z" finished-at="2020-09-30T15:09:16Z">
          <reporter-output>
          </reporter-output>
        </test-method> <!-- navigateToMainPage -->
        <test-method status="PASS" signature="TC1()[pri:1, instance:Pages.studentRegistrationFormTest@49e202ad]" name="TC1" duration-ms="9900" started-at="2020-09-30T15:09:16Z" finished-at="2020-09-30T15:09:26Z">
          <reporter-output>
          </reporter-output>
        </test-method> <!-- TC1 -->
        <test-method status="PASS" signature="methodEndTest(org.testng.ITestResult)[pri:0, instance:Pages.studentRegistrationFormTest@49e202ad]" name="methodEndTest" is-config="true" duration-ms="576" started-at="2020-09-30T15:09:26Z" finished-at="2020-09-30T15:09:26Z">
          <params>
            <param index="0">
              <value>
                <![CDATA[[TestResult name=TC1 status=SUCCESS method=studentRegistrationFormTest.TC1()[pri:1, instance:Pages.studentRegistrationFormTest@49e202ad] output={null}]]]>
              </value>
            </param>
          </params>
          <reporter-output>
          </reporter-output>
        </test-method> <!-- methodEndTest -->
        <test-method status="PASS" signature="navigateToMainPage()[pri:0, instance:Pages.studentRegistrationFormTest@49e202ad]" name="navigateToMainPage" is-config="true" duration-ms="1837" started-at="2020-09-30T15:09:26Z" finished-at="2020-09-30T15:09:28Z">
          <reporter-output>
          </reporter-output>
        </test-method> <!-- navigateToMainPage -->
        <test-method status="PASS" signature="TC2()[pri:2, instance:Pages.studentRegistrationFormTest@49e202ad]" name="TC2" duration-ms="3564" started-at="2020-09-30T15:09:28Z" finished-at="2020-09-30T15:09:32Z">
          <reporter-output>
          </reporter-output>
        </test-method> <!-- TC2 -->
        <test-method status="PASS" signature="methodEndTest(org.testng.ITestResult)[pri:0, instance:Pages.studentRegistrationFormTest@49e202ad]" name="methodEndTest" is-config="true" duration-ms="319" started-at="2020-09-30T15:09:32Z" finished-at="2020-09-30T15:09:32Z">
          <params>
            <param index="0">
              <value>
                <![CDATA[[TestResult name=TC2 status=SUCCESS method=studentRegistrationFormTest.TC2()[pri:2, instance:Pages.studentRegistrationFormTest@49e202ad] output={null}]]]>
              </value>
            </param>
          </params>
          <reporter-output>
          </reporter-output>
        </test-method> <!-- methodEndTest -->
        <test-method status="PASS" signature="logout()[pri:0, instance:Pages.studentRegistrationFormTest@49e202ad]" name="logout" is-config="true" duration-ms="1515" started-at="2020-09-30T15:09:32Z" finished-at="2020-09-30T15:09:34Z">
          <reporter-output>
          </reporter-output>
        </test-method> <!-- logout -->
      </class> <!-- Pages.studentRegistrationFormTest -->
    </test> <!-- ToolsQA -->
  </suite> <!-- Suite -->
</testng-results>
